241108 11:09:55 mysqld_safe Starting mariadbd daemon with databases from /config/databases
2024-11-08 11:09:56 0 [Note] Starting MariaDB 10.11.10-MariaDB-log source revision 3d0fb150289716ca75cd64d62823cf715ee47646 server_uid uNL4WqLbmvIfw6soQ1Qa440bM70= as process 410
2024-11-08 11:09:56 0 [Note] InnoDB: Compressed tables use zlib 1.3.1
2024-11-08 11:09:56 0 [Note] InnoDB: Number of transaction pools: 1
2024-11-08 11:09:56 0 [Note] InnoDB: Using crc32 + pclmulqdq instructions
2024-11-08 11:09:56 0 [Note] InnoDB: Using Linux native AIO
2024-11-08 11:09:56 0 [Note] InnoDB: Initializing buffer pool, total size = 256.000MiB, chunk size = 4.000MiB
2024-11-08 11:09:56 0 [Note] InnoDB: Completed initialization of buffer pool
2024-11-08 11:09:56 0 [Note] InnoDB: File system buffers for log disabled (block size=512 bytes)
2024-11-08 11:09:56 0 [Note] InnoDB: End of log at LSN=1254687
2024-11-08 11:09:56 0 [Note] InnoDB: 128 rollback segments are active.
2024-11-08 11:09:56 0 [Note] InnoDB: Removed temporary tablespace data file: "./ibtmp1"
2024-11-08 11:09:56 0 [Note] InnoDB: Setting file './ibtmp1' size to 12.000MiB. Physically writing the file full; Please wait ...
2024-11-08 11:09:56 0 [Note] InnoDB: File './ibtmp1' size is now 12.000MiB.
2024-11-08 11:09:56 0 [Note] InnoDB: log sequence number 1254687; transaction id 2193
2024-11-08 11:09:56 0 [Note] Plugin 'FEEDBACK' is disabled.
2024-11-08 11:09:56 0 [Note] InnoDB: Loading buffer pool(s) from /config/databases/ib_buffer_pool
2024-11-08 11:09:56 0 [Note] Recovering after a crash using /config/log/mysql/mariadb-bin
2024-11-08 11:09:56 0 [Note] Starting table crash recovery...
2024-11-08 11:09:56 0 [Note] Crash table recovery finished.
2024-11-08 11:09:56 0 [Note] Server socket created on IP: '0.0.0.0'.
2024-11-08 11:09:56 0 [Note] Server socket created on IP: '::'.
2024-11-08 11:09:56 0 [Note] /usr/bin/mariadbd: ready for connections.
Version: '10.11.10-MariaDB-log'  socket: '/var/run/mysqld/mysqld.sock'  port: 3306  Alpine Linux
2024-11-08 11:09:56 0 [Note] InnoDB: Buffer pool(s) load completed at 241108 11:09:56
2024-11-08 11:09:56 5 [Warning] Aborted connection 5 to db: 'unconnected' user: 'unauthenticated' host: 'localhost' (This connection closed normally without authentication)
2024-11-08 11:09:57 4 [Warning] Aborted connection 4 to db: 'unconnected' user: 'unauthenticated' host: 'bookstack.bookstack2_d_default' (This connection closed normally without authentication)
